[4/14/2021 20:20:11] Starting up
[4/14/2021 20:20:11] Loading DB
[4/14/2021 20:20:11] Setting up typo system
[4/14/2021 20:20:11] Starting Reply Processor
[4/14/2021 20:20:11] Building replies
[4/14/2021 20:20:11] Setting up Subreddits
[4/14/2021 20:20:11] Preparing cats
[4/14/2021 20:20:11] Listening for comments on: /r/cats
[4/14/2021 20:20:17] Comment Received: gufkuk0 Subreddit: /r/cats Message: Seeing a man thighs in a bath tub with a miniature rubber duck is a bit unusual for me 🤣 
I think your cat is a puurvert.
[4/14/2021 20:20:17] - Emotion: love Emotion Probability: 0.6813126826878858 Vulnerability: false Sentiment: 0
[4/14/2021 20:20:17] Comment Received: gufktbz Subreddit: /r/cats Message: Books and cat. Looks like you got the important items! Happy Moving Day!
[4/14/2021 20:20:17] - Emotion: joy Emotion Probability: 0.9892968727676331 Vulnerability: false Sentiment: 0.5384615384615384
[4/14/2021 20:20:17] Comment Received: gufkt88 Subreddit: /r/cats Message: So sorry. 😢 Figaro looks like he was the bestest friend.
[4/14/2021 20:20:18] - Emotion: sadness Emotion Probability: 0.5180510997270515 Vulnerability: false Sentiment: 0.25
[4/14/2021 20:20:18] Comment Received: gufkt21 Subreddit: /r/cats Message: Secured by meow
[4/14/2021 20:20:18] - Emotion: joy Emotion Probability: 0.36781349342597736 Vulnerability: false Sentiment: 1
[4/14/2021 20:20:18] Comment Received: gufkspo Subreddit: /r/cats Message: Dealing with loss is tough. What is grief, if not love, persevering?
[4/14/2021 20:20:18] - Emotion: sadness Emotion Probability: 0.5835527017406119 Vulnerability: 3 Sentiment: -0.8888888888888888
[4/14/2021 20:20:18] Comment Received: gufkrat Subreddit: /r/cats Message: Good lord. The name, the floof, the calico, the chirps. Puzzles is my new religion 🙇‍♀️🙇🙇‍♂️
[4/14/2021 20:20:18] - Emotion: joy Emotion Probability: 0.9058474809606043 Vulnerability: false Sentiment: 0.21428571428571427
[4/14/2021 20:20:18] Comment Received: gufkr9o Subreddit: /r/cats Message: Beautiful ginger had such innocent eyes. Time may heal the wound but it'll always hurt but that's the point. What is grief, if not love, persevering?
[4/14/2021 20:20:18] - Emotion: joy Emotion Probability: 0.8192134449888038 Vulnerability: 3 Sentiment: -0.16666666666666666
[4/14/2021 20:20:18] Comment Received: gufkq0a Subreddit: /r/cats Message: Just when I thought I had joined all the cat subs!!!!!
[4/14/2021 20:20:18] - Emotion: joy Emotion Probability: 0.5630413562702017 Vulnerability: false Sentiment: 0
[4/14/2021 20:20:18] Comment Received: gufkmec Subreddit: /r/cats Message: Cool photo, not your cat
[4/14/2021 20:20:18] - Emotion: joy Emotion Probability: 0.9100094109469843 Vulnerability: false Sentiment: 0.2
[4/14/2021 20:20:18] Comment Received: gufkl1l Subreddit: /r/cats Message: Pippin's body may be gone, but he'll always be with you in spirit. Thanks of all the great memories of him and smile. Dealing with loss is tough. What is grief, if not love, persevering?
[4/14/2021 20:20:18] - Emotion: love Emotion Probability: 0.8342573447255075 Vulnerability: 3 Sentiment: 0
[4/14/2021 20:20:18] Comment Received: gufkitx Subreddit: /r/cats Message: Looks like that one’s hunting to me 🤷‍♀️
[4/14/2021 20:20:18] - Emotion: joy Emotion Probability: 0.6731366220298045 Vulnerability: false Sentiment: 0.3333333333333333
[4/14/2021 20:20:18] Comment Received: gufki8e Subreddit: /r/cats Message: Domestic long hair! Tortoise shell ("tortie") coloring. The overwhelming majority of pet cats were born on the streets or to mothers who were removed from the streets prior to giving birth. So unless you went to a breeder (which thank you for NOT doing that), you got yourself a beautiful moggie cat that will love you her whole life. Congrats on your new family member!
[4/14/2021 20:20:18] - Emotion: joy Emotion Probability: 0.8654476551141269 Vulnerability: false Sentiment: 0.18181818181818182
[4/14/2021 20:20:18] Comment Received: gufkhj9 Subreddit: /r/cats Message: Yes, we are the cat lovers! Love to Sam, he was beautiful. Sorry for your loss. 🐾🌈
[4/14/2021 20:20:18] - Emotion: sadness Emotion Probability: 0.44997797226061664 Vulnerability: false Sentiment: 0.21428571428571427
[4/14/2021 20:20:18] Comment Received: gufkh0q Subreddit: /r/cats Message: Koda's cute face melts my heart! Oh he looks so comfortable and happy when he's with you. RIP kute Koda. Dealing with loss is tough. What is grief, if not love, persevering?
[4/14/2021 20:20:18] - Emotion: joy Emotion Probability: 0.9907633572440053 Vulnerability: 3 Sentiment: -0.04
[4/14/2021 20:20:18] Comment Received: gufkea3 Subreddit: /r/cats Message: 1. She is gorgeous!  2. I like the name DAISY too!!  3. This cat looks just like a cat my Dad used to have once upon a time, her name was:  Anna Lee Banana Lee.
[4/14/2021 20:20:18] - Emotion: joy Emotion Probability: 0.994709288236805 Vulnerability: false Sentiment: 0.15384615384615385
[4/14/2021 20:20:18] Comment Received: gufkbkz Subreddit: /r/cats Message: Regal and cute
[4/14/2021 20:20:18] - Emotion: joy Emotion Probability: 0.9511818539363489 Vulnerability: false Sentiment: 0.6666666666666666
[4/14/2021 20:20:18] Comment Received: gufka2r Subreddit: /r/cats Message: What a face! I love her!
[4/14/2021 20:20:18] - Emotion: joy Emotion Probability: 0.5417767113977937 Vulnerability: false Sentiment: 0.75
[4/14/2021 20:20:18] Comment Received: gufk9x0 Subreddit: /r/cats Message: Wishing Draco the best! I wish people would stop stealing pets and adopt them from the shelter.
[4/14/2021 20:20:18] - Emotion: love Emotion Probability: 0.66334784901093 Vulnerability: false Sentiment: 0.1875
[4/14/2021 20:20:18] Comment Received: gufk98u Subreddit: /r/cats Message: One of my cats meows in the same way when she is being teased by butcher birds on the other side of the screen door, so I think you might be right about the frustration idea
[4/14/2021 20:20:18] - Emotion: anger Emotion Probability: 0.3702822323516781 Vulnerability: false Sentiment: -0.07692307692307693
[4/14/2021 20:20:18] Comment Received: gufk5ng Subreddit: /r/cats Message: Max deserved better than his short life but thank you for giving him the love he definitely appreciated. Dealing with loss is tough. What is grief, if not love, persevering?
[4/14/2021 20:20:18] - Emotion: joy Emotion Probability: 0.6313424158617011 Vulnerability: 3 Sentiment: 0.038461538461538464
[4/14/2021 20:20:18] Comment Received: gufk5n5 Subreddit: /r/cats Message: Imma curled up in her basket. 😬
[4/14/2021 20:20:18] - Emotion: joy Emotion Probability: 0.3180321541638924 Vulnerability: false Sentiment: 0
[4/14/2021 20:20:18] Comment Received: gufk37u Subreddit: /r/cats Message: You're the reason others hate cat people.
[4/14/2021 20:20:18] - Emotion: sadness Emotion Probability: 0.3609575110450158 Vulnerability: false Sentiment: -0.42857142857142855
[4/14/2021 20:20:18] Comment Received: gufk2ly Subreddit: /r/cats Message: Eagles, falcons and hawks cannot pick up their body weight where owls can lift things heavier than theirs. Owls are much more of a concern than the others.
[4/14/2021 20:20:18] - Emotion: love Emotion Probability: 0.5637951609700789 Vulnerability: false Sentiment: 0
[4/14/2021 20:20:18] Comment Received: gufk11j Subreddit: /r/cats Message:  Gorgeous 3 fluffy warmers)
[4/14/2021 20:20:18] - Emotion: joy Emotion Probability: 0.9566065108201957 Vulnerability: false Sentiment: 0
[4/14/2021 20:20:18] Comment Received: gufk0j5 Subreddit: /r/cats Message: Beautiful cat with a cute face. 16 years waking up to Kitty must have been a joy. Plant a flower in honor of Kitty! Dealing with loss is tough. What is grief, if not love, persevering?
[4/14/2021 20:20:18] - Emotion: joy Emotion Probability: 0.9204753984600672 Vulnerability: 3 Sentiment: 0.08
[4/14/2021 20:20:21] Comment Received: gufkvkl Subreddit: /r/cats Message: Elenore ("Nora"), Queenie, Sundae or Sunday, Matilda (Tilly for short), Pandora, Penelope ("Penny").

I also do love Banana (or Nana, so cute!)
[4/14/2021 20:20:21] - Emotion: joy Emotion Probability: 0.9490002544296525 Vulnerability: false Sentiment: 0.2631578947368421
[4/14/2021 20:21:6] Comment Received: gufkyme Subreddit: /r/cats Message: Those paws...your dad probably recognizes from that pose that she’s now queen of the household and there’s no going back.
[4/14/2021 20:21:6] - Emotion: joy Emotion Probability: 0.948620678046771 Vulnerability: false Sentiment: 0
[4/14/2021 20:21:6] Comment Received: gufkylg Subreddit: /r/cats Message: Yup. It's all me. Good job, sleuth. You solved the case.
[4/14/2021 20:21:6] - Emotion: joy Emotion Probability: 0.6919816177692559 Vulnerability: false Sentiment: 0.36363636363636365
[4/14/2021 20:21:6] Comment Received: gufkykm Subreddit: /r/cats Message: Happy bday!! 💓
[4/14/2021 20:21:6] - Emotion: joy Emotion Probability: 0.8240822882463182 Vulnerability: false Sentiment: 1.5
[4/14/2021 20:22:1] Comment Received: gufl2c3 Subreddit: /r/cats Message: Very sorry for your loss. They are irreplaceable family members. RIP Figaro🐾🌈
[4/14/2021 20:22:1] - Emotion: sadness Emotion Probability: 0.5244291274588788 Vulnerability: false Sentiment: -0.3333333333333333
[4/14/2021 20:22:6] Comment Received: gufl2og Subreddit: /r/cats Message: Her mesmerizing eyes are only second to that amazing brown mane. Lovely memorial of a lovely cat. Dealing with loss is tough. What is grief, if not love, persevering?
[4/14/2021 20:22:6] - Emotion: love Emotion Probability: 0.997913492865001 Vulnerability: 3 Sentiment: 0.21739130434782608
[4/14/2021 20:22:36] Comment Received: gufl4sr Subreddit: /r/cats Message: I haven’t felt right in several days now. I’m hoping God will at least let me see him one more time
[4/14/2021 20:22:36] - Emotion: joy Emotion Probability: 0.5525481232115854 Vulnerability: false Sentiment: 0.17647058823529413
[4/14/2021 20:22:36] Comment Received: gufl4sd Subreddit: /r/cats Message: Do you also have 20 other names for him as well?
[4/14/2021 20:22:36] - Emotion: joy Emotion Probability: 0.5198520350117195 Vulnerability: false Sentiment: 0
[4/14/2021 20:23:6] Comment Received: gufl6ll Subreddit: /r/cats Message: Oohh, good to know!
[4/14/2021 20:23:6] - Emotion: joy Emotion Probability: 0.5957202041380076 Vulnerability: false Sentiment: 1
[4/14/2021 20:23:11] Comment Received: gufl78s Subreddit: /r/cats Message: Love it, and oh yes, the list is very ongoing ha! Poor thing probably doesn’t even know his real name anymore....
[4/14/2021 20:23:11] - Emotion: joy Emotion Probability: 0.44735546127122694 Vulnerability: false Sentiment: 0.21052631578947367
[4/14/2021 20:23:16] Comment Received: gufl7ij Subreddit: /r/cats Message: Great wallpaper too!
[4/14/2021 20:23:16] - Emotion: sadness Emotion Probability: 0.5753743502240881 Vulnerability: false Sentiment: 1
[4/14/2021 20:23:41] Comment Received: gufl94k Subreddit: /r/cats Message: Kya will always be in your heart. Reminisce on 17 years of great memories and smile that it happened! Dealing with loss is tough. What is grief, if not love, persevering?
[4/14/2021 20:23:41] - Emotion: love Emotion Probability: 0.6985607782598179 Vulnerability: 3 Sentiment: -0.13636363636363635
[4/14/2021 20:24:1] Comment Received: guflaoo Subreddit: /r/cats Message: Dealing with loss is tough. What is grief, if not love, persevering?
[4/14/2021 20:24:1] - Emotion: sadness Emotion Probability: 0.5835527017406119 Vulnerability: 3 Sentiment: -0.8888888888888888
[4/14/2021 20:24:6] Comment Received: guflb4g Subreddit: /r/cats Message: Awww I had a cat that like them as well! It’s so funny to hear the little “cronch” noises
[4/14/2021 20:24:6] - Emotion: surprise Emotion Probability: 0.33896398014810875 Vulnerability: false Sentiment: 0.42857142857142855
[4/14/2021 20:24:6] Comment Received: guflayk Subreddit: /r/cats Message: I love that he’s just like “this is normal!”
[4/14/2021 20:24:6] - Emotion: joy Emotion Probability: 0.5838132949344093 Vulnerability: false Sentiment: 0.625
[4/14/2021 20:24:21] Comment Received: guflc6s Subreddit: /r/cats Message: Apologies added the nsfw as the abscess photo was the first photo shown. I know not everyone wants to see that
[4/14/2021 20:24:21] - Emotion: joy Emotion Probability: 0.8368528755643644 Vulnerability: false Sentiment: 0
[4/14/2021 20:24:51] Comment Received: gufle01 Subreddit: /r/cats Message: Yes they certainly are they are absolutely fabulous!
[4/14/2021 20:24:51] - Emotion: joy Emotion Probability: 0.981495814055417 Vulnerability: false Sentiment: 0.625
[4/14/2021 20:25:11] Comment Received: guflfiz Subreddit: /r/cats Message: Huh? What does that have to do with jelly beans?
[4/14/2021 20:25:11] - Emotion: joy Emotion Probability: 0.7277302508489689 Vulnerability: false Sentiment: 0
[4/14/2021 20:25:16] Comment Received: guflfou Subreddit: /r/cats Message: Troublemaker definitely 💞
[4/14/2021 20:25:16] - Emotion: joy Emotion Probability: 0.4201432778515091 Vulnerability: false Sentiment: 0
[4/14/2021 20:25:31] Comment Received: guflh0m Subreddit: /r/cats Message: Maynard looks like a great panther friend. Fill the hole in your heart with great memories with your Maynard. Dealing with loss is tough. What is grief, if not love, persevering?
[4/14/2021 20:25:31] - Emotion: love Emotion Probability: 0.6701962736756683 Vulnerability: 3 Sentiment: 0.038461538461538464
[4/14/2021 20:26:1] Comment Received: guflj53 Subreddit: /r/cats Message: Definitely the essentials! Thank you!
[4/14/2021 20:26:1] - Emotion: joy Emotion Probability: 0.7282133799968094 Vulnerability: false Sentiment: 0.4
[4/14/2021 20:26:11] Comment Received: gufljsb Subreddit: /r/cats Message: It's okay to be wrong. At least you didn't say popcorn
[4/14/2021 20:26:11] - Emotion: joy Emotion Probability: 0.35667675413082167 Vulnerability: false Sentiment: -0.25
[4/14/2021 20:26:11] Comment Received: gufljn1 Subreddit: /r/cats Message: I see him not as my pet but really as a friend and little brother. I never saw him as an object
[4/14/2021 20:26:11] - Emotion: anger Emotion Probability: 0.4493361772001652 Vulnerability: false Sentiment: 0.07142857142857142
[4/14/2021 20:27:6] Comment Received: guflniu Subreddit: /r/cats Message: Joining all cat subs is like an endless journey lol
[4/14/2021 20:27:6] - Emotion: joy Emotion Probability: 0.7335283084958765 Vulnerability: false Sentiment: 0.625
[4/14/2021 20:27:11] Comment Received: guflo2m Subreddit: /r/cats Message: what a carefree girl :)
[4/14/2021 20:27:11] - Emotion: joy Emotion Probability: 0.968209564658431 Vulnerability: false Sentiment: 0.3333333333333333
[4/14/2021 20:27:11] Comment Received: guflnuu Subreddit: /r/cats Message: I can feel those nails bout to come out 😬
[4/14/2021 20:27:11] - Emotion: joy Emotion Probability: 0.36033442789633097 Vulnerability: false Sentiment: 0
[4/14/2021 20:27:11] Comment Received: guflnui Subreddit: /r/cats Message: Morpheus was named for the god of sleep. That's fitting because you can sometimes find him in your dreams; and if not, your heart. Dealing with loss is tough. What is grief, if not love, persevering?
[4/14/2021 20:27:11] - Emotion: sadness Emotion Probability: 0.7940088014613849 Vulnerability: 3 Sentiment: -0.2
[4/14/2021 20:27:21] Comment Received: guflos5 Subreddit: /r/cats Message: Cookie Dough
[4/14/2021 20:27:21] - Emotion: joy Emotion Probability: 0.665842260953787 Vulnerability: false Sentiment: 0
[4/14/2021 20:27:26] Comment Received: gufloxz Subreddit: /r/cats Message: May frostie play with other cats and sleep in all the boxes in cat heaven, Rest In Peace you fluffy little thing.
[4/14/2021 20:27:26] - Emotion: joy Emotion Probability: 0.8986187308224247 Vulnerability: false Sentiment: 0.21052631578947367
[4/14/2021 20:28:1] Starting up
[4/14/2021 20:28:1] Loading DB
[4/14/2021 20:28:1] Setting up typo system
[4/14/2021 20:28:1] Starting Reply Processor
[4/14/2021 20:28:1] Building replies
[4/14/2021 20:28:1] Setting up Subreddits
[4/14/2021 20:28:1] Preparing cats
[4/14/2021 20:28:1] Listening for comments on: /r/cats
[4/14/2021 20:28:7] Comment Received: gufloxz Subreddit: /r/cats Message: May frostie play with other cats and sleep in all the boxes in cat heaven, Rest In Peace you fluffy little thing.
[4/14/2021 20:28:7] - Emotion: joy Emotion Probability: 0.8986187308224247 Vulnerability: false Sentiment: 0.21052631578947367
[4/14/2021 20:28:8] Pushing to QUEUE!
[4/14/2021 20:28:55] Starting up
[4/14/2021 20:28:55] Loading DB
[4/14/2021 20:28:55] Setting up typo system
[4/14/2021 20:28:55] Starting Reply Processor
[4/14/2021 20:28:55] Building replies
[4/14/2021 20:28:55] Setting up Subreddits
[4/14/2021 20:28:55] Preparing cats
[4/14/2021 20:28:55] Listening for comments on: /r/cats
[4/14/2021 20:29:1] Comment Received: guflv43 Subreddit: /r/cats Message: Not to be dramatic, but I’d die for Jolene
[4/14/2021 20:29:1] - Emotion: sadness Emotion Probability: 0.5785356533186632 Vulnerability: 3 Sentiment: -0.42857142857142855
[4/14/2021 20:29:1] Comment Received: gufloxz Subreddit: /r/cats Message: May frostie play with other cats and sleep in all the boxes in cat heaven, Rest In Peace you fluffy little thing.
[4/14/2021 20:29:1] - Emotion: joy Emotion Probability: 0.8986187308224247 Vulnerability: false Sentiment: 0.21052631578947367
[4/14/2021 20:29:1] Pushing to QUEUE!
[4/14/2021 20:29:1] Comment Received: guflos5 Subreddit: /r/cats Message: Cookie Dough
[4/14/2021 20:29:1] - Emotion: joy Emotion Probability: 0.665842260953787 Vulnerability: false Sentiment: 0
[4/14/2021 20:29:1] Comment Received: guflo2m Subreddit: /r/cats Message: what a carefree girl :)
[4/14/2021 20:29:1] - Emotion: joy Emotion Probability: 0.968209564658431 Vulnerability: false Sentiment: 0.3333333333333333
[4/14/2021 20:29:1] Comment Received: guflnuu Subreddit: /r/cats Message: I can feel those nails bout to come out 😬
[4/14/2021 20:29:1] - Emotion: joy Emotion Probability: 0.36033442789633097 Vulnerability: false Sentiment: 0
[4/14/2021 20:29:1] Comment Received: guflnui Subreddit: /r/cats Message: Morpheus was named for the god of sleep. That's fitting because you can sometimes find him in your dreams; and if not, your heart. Dealing with loss is tough. What is grief, if not love, persevering?
[4/14/2021 20:29:1] - Emotion: sadness Emotion Probability: 0.7940088014613849 Vulnerability: 3 Sentiment: -0.2
[4/14/2021 20:29:1] Comment Received: guflniu Subreddit: /r/cats Message: Joining all cat subs is like an endless journey lol
[4/14/2021 20:29:1] - Emotion: joy Emotion Probability: 0.7335283084958765 Vulnerability: false Sentiment: 0.625
[4/14/2021 20:29:1] Pushing to QUEUE!
[4/14/2021 20:29:1] Comment Received: gufljsb Subreddit: /r/cats Message: It's okay to be wrong. At least you didn't say popcorn
[4/14/2021 20:29:1] - Emotion: joy Emotion Probability: 0.35667675413082167 Vulnerability: false Sentiment: -0.25
[4/14/2021 20:29:1] Comment Received: guflj53 Subreddit: /r/cats Message: Definitely the essentials! Thank you!
[4/14/2021 20:29:1] - Emotion: joy Emotion Probability: 0.7282133799968094 Vulnerability: false Sentiment: 0.4
[4/14/2021 20:29:1] Comment Received: guflh0m Subreddit: /r/cats Message: Maynard looks like a great panther friend. Fill the hole in your heart with great memories with your Maynard. Dealing with loss is tough. What is grief, if not love, persevering?
[4/14/2021 20:29:1] - Emotion: love Emotion Probability: 0.6701962736756683 Vulnerability: 3 Sentiment: 0.038461538461538464
[4/14/2021 20:29:1] Comment Received: guflfou Subreddit: /r/cats Message: Troublemaker definitely 💞
[4/14/2021 20:29:1] - Emotion: joy Emotion Probability: 0.4201432778515091 Vulnerability: false Sentiment: 0
[4/14/2021 20:29:1] Comment Received: guflfiz Subreddit: /r/cats Message: Huh? What does that have to do with jelly beans?
[4/14/2021 20:29:1] - Emotion: joy Emotion Probability: 0.7277302508489689 Vulnerability: false Sentiment: 0
[4/14/2021 20:29:1] Comment Received: gufle01 Subreddit: /r/cats Message: Yes they certainly are they are absolutely fabulous!
[4/14/2021 20:29:2] - Emotion: joy Emotion Probability: 0.981495814055417 Vulnerability: false Sentiment: 0.625
[4/14/2021 20:29:2] Comment Received: guflc6s Subreddit: /r/cats Message: Apologies added the nsfw as the abscess photo was the first photo shown. I know not everyone wants to see that
Edit. Realized making it nsfw would get it auto removed so I switched around the photos
[4/14/2021 20:29:2] - Emotion: joy Emotion Probability: 0.9450089609495341 Vulnerability: false Sentiment: 0
[4/14/2021 20:29:2] Comment Received: guflb4g Subreddit: /r/cats Message: Awww I had a cat that like them as well! It’s so funny to hear the little “cronch” noises
[4/14/2021 20:29:2] - Emotion: surprise Emotion Probability: 0.33896398014810875 Vulnerability: false Sentiment: 0.42857142857142855
[4/14/2021 20:29:2] Pushing to QUEUE!
[4/14/2021 20:29:2] Comment Received: guflayk Subreddit: /r/cats Message: I love that he’s just like “this is normal!”
[4/14/2021 20:29:2] - Emotion: joy Emotion Probability: 0.5838132949344093 Vulnerability: false Sentiment: 0.625
[4/14/2021 20:29:2] Comment Received: guflaoo Subreddit: /r/cats Message: Dealing with loss is tough. What is grief, if not love, persevering?
[4/14/2021 20:29:2] - Emotion: sadness Emotion Probability: 0.5835527017406119 Vulnerability: 3 Sentiment: -0.8888888888888888
[4/14/2021 20:29:2] Comment Received: gufl94k Subreddit: /r/cats Message: Kya will always be in your heart. Reminisce on 17 years of great memories and smile that it happened! Dealing with loss is tough. What is grief, if not love, persevering?
[4/14/2021 20:29:2] - Emotion: love Emotion Probability: 0.6985607782598179 Vulnerability: 3 Sentiment: -0.13636363636363635
[4/14/2021 20:29:2] Comment Received: gufl7ij Subreddit: /r/cats Message: Great wallpaper too!
[4/14/2021 20:29:2] - Emotion: sadness Emotion Probability: 0.5753743502240881 Vulnerability: false Sentiment: 1
[4/14/2021 20:29:2] Comment Received: gufl78s Subreddit: /r/cats Message: Love it, and oh yes, the list is very ongoing ha! Poor thing probably doesn’t even know his real name anymore....
[4/14/2021 20:29:2] - Emotion: joy Emotion Probability: 0.44735546127122694 Vulnerability: false Sentiment: 0.21052631578947367
[4/14/2021 20:29:2] Comment Received: gufl6ll Subreddit: /r/cats Message: Oohh, good to know!
[4/14/2021 20:29:2] - Emotion: joy Emotion Probability: 0.5957202041380076 Vulnerability: false Sentiment: 1
[4/14/2021 20:29:2] Comment Received: gufl4sr Subreddit: /r/cats Message: I haven’t felt right in several days now. I’m hoping God will at least let me see him one more time. I see him not as my pet but really as a friend and little brother. I never saw him as an object or pet
[4/14/2021 20:29:2] - Emotion: sadness Emotion Probability: 0.493858798324111 Vulnerability: false Sentiment: 0.125
[4/14/2021 20:29:2] Comment Received: gufl4sd Subreddit: /r/cats Message: Do you also have 20 other names for him as well?
[4/14/2021 20:29:2] - Emotion: joy Emotion Probability: 0.5198520350117195 Vulnerability: false Sentiment: 0
[4/14/2021 20:29:2] Comment Received: gufl2og Subreddit: /r/cats Message: Her mesmerizing eyes are only second to that amazing brown mane. Lovely memorial of a lovely cat. Dealing with loss is tough. What is grief, if not love, persevering?
[4/14/2021 20:29:2] - Emotion: love Emotion Probability: 0.997913492865001 Vulnerability: 3 Sentiment: 0.21739130434782608
[4/14/2021 20:29:2] Pushing to QUEUE!
[4/14/2021 20:29:2] Comment Received: gufl2c3 Subreddit: /r/cats Message: Very sorry for your loss. They are irreplaceable family members. RIP Figaro🐾🌈
[4/14/2021 20:29:2] - Emotion: sadness Emotion Probability: 0.5244291274588788 Vulnerability: false Sentiment: -0.3333333333333333
[4/14/2021 20:29:15] Comment Received: guflwgb Subreddit: /r/cats Message: We call our guy Dr. Kitty because if any of us is sick, he never leaves our side and often attempts Purr Therapy. Looks like you have your very own Dr. Kitty.
[4/14/2021 20:29:15] - Emotion: joy Emotion Probability: 0.5741203120243493 Vulnerability: false Sentiment: 0
[4/14/2021 20:29:15] Pushing to QUEUE!
[4/14/2021 20:29:20] Comment Received: guflwxo Subreddit: /r/cats Message: Both are adorable!
[4/14/2021 20:29:20] - Emotion: joy Emotion Probability: 0.6447802606282137 Vulnerability: false Sentiment: 1
[4/14/2021 20:29:30] Comment Received: guflxio Subreddit: /r/cats Message: Omg! Wooow! You are very talented! It's beautifuuuuuuul!!!
[4/14/2021 20:29:30] - Emotion: joy Emotion Probability: 0.9470854489070386 Vulnerability: false Sentiment: 0
[4/14/2021 20:29:50] Comment Received: guflyy4 Subreddit: /r/cats Message: Normal for how little it is. Looks way too small to be away from its mom.
[4/14/2021 20:29:50] - Emotion: joy Emotion Probability: 0.42772891310393973 Vulnerability: false Sentiment: 0
[4/14/2021 20:29:55] Comment Received: guflzdm Subreddit: /r/cats Message: Very sorry for the loss of your beautiful Nikka   :(
[4/14/2021 20:29:55] - Emotion: sadness Emotion Probability: 0.6608742529916092 Vulnerability: false Sentiment: -0.125
[4/14/2021 20:30:5] Comment Received: gufm04m Subreddit: /r/cats Message: Noodles
[4/14/2021 20:30:5] - Emotion: sadness Emotion Probability: 0.3172698143605262 Vulnerability: false Sentiment: 0
[4/14/2021 20:30:11] ----------------------------------------------
[4/14/2021 20:30:11] Would of replied to Comment: guflniu
[4/14/2021 20:30:11] Subreddit: /r/cats
[4/14/2021 20:30:11] Author: sadlyalivecat
[4/14/2021 20:30:11] Message: Joining all cat subs is like an endless journey lol
[4/14/2021 20:30:11] Reply: There is nothing I adore more than kitties! They are so warm and soft! They are just great! I just love them so much!
[4/14/2021 20:30:11] ----------------------------------------------
[4/14/2021 20:30:18] Comment Received: gufm0tp Subreddit: /r/cats Message: A beautiful kitty, I am so sorry for your loss.  Most of us have been told Angels have wings, some of us have learned they have paws 🐾.  Sending you love and big purrs
[4/14/2021 20:30:18] - Emotion: love Emotion Probability: 0.607058566845345 Vulnerability: false Sentiment: 0.23076923076923078
[4/14/2021 20:30:18] Pushing to QUEUE!
[4/14/2021 20:30:18] Comment Received: gufm0oj Subreddit: /r/cats Message: Your Dad was smitten the second she arrived lol 😂 and who wouldn't be? She's beautiful ❤️
[4/14/2021 20:30:18] - Emotion: joy Emotion Probability: 0.7242729827467509 Vulnerability: false Sentiment: 0.4
[4/14/2021 20:30:18] Comment Received: gufm0c8 Subreddit: /r/cats Message: A fríend with weed is better (catnip) 🎶
[4/14/2021 20:30:18] - Emotion: joy Emotion Probability: 0.572981767041178 Vulnerability: false Sentiment: 0.4
[4/14/2021 20:30:18] Pushing to QUEUE!
[4/14/2021 20:30:30] Comment Received: gufm1v7 Subreddit: /r/cats Message: I love her name!
[4/14/2021 20:30:30] - Emotion: joy Emotion Probability: 0.5970057028833077 Vulnerability: false Sentiment: 1
[4/14/2021 20:30:50] Comment Received: gufm3a7 Subreddit: /r/cats Message: I dont know the rules of this community if fundraisers are allowed if it did I will first get them a vet check with shots and neutering/ spaying
[4/14/2021 20:30:50] - Emotion: joy Emotion Probability: 0.4128592907874453 Vulnerability: false Sentiment: 0
[4/14/2021 20:31:0] Comment Received: gufm3qe Subreddit: /r/cats Message: Sarah waters, Stephen king, and a cat.  Good call.
[4/14/2021 20:31:0] - Emotion: joy Emotion Probability: 0.6564962132013392 Vulnerability: false Sentiment: 0.375
[4/14/2021 20:31:0] Pushing to QUEUE!
[4/14/2021 20:31:0] Comment Received: gufm3q6 Subreddit: /r/cats Message: Not a vet but experienced with kitten rescue.  So kittens can go downhill quickly.  I’m going to give you an answer if I were in your shoes.  Either situation could go bad very quickly.  If it’s an abscess he could go septic.  So I think that you either go tonight or you go first thing in the morning.  I’m not sure if Thursday is a great option.
[4/14/2021 20:31:0] - Emotion: sadness Emotion Probability: 0.37104165040183634 Vulnerability: false Sentiment: 0.044444444444444446
[4/14/2021 20:31:0] Pushing to QUEUE!
[4/14/2021 20:31:35] Comment Received: gufm6gb Subreddit: /r/cats Message: What a beauty!
[4/14/2021 20:31:35] - Emotion: joy Emotion Probability: 0.603169517278214 Vulnerability: false Sentiment: 1.5
[4/14/2021 20:31:55] Comment Received: gufm7q1 Subreddit: /r/cats Message: r/animalsstaringatfood
[4/14/2021 20:31:55] - Emotion: joy Emotion Probability: 0.438430531119841 Vulnerability: false Sentiment: 0
[4/14/2021 20:32:5] Comment Received: gufm8bz Subreddit: /r/cats Message: Great photo! Gorgeous kitty
[4/14/2021 20:32:5] - Emotion: joy Emotion Probability: 0.9849964614674983 Vulnerability: false Sentiment: 0.75
[4/14/2021 20:32:5] Pushing to QUEUE!
[4/14/2021 20:32:29] Starting up
[4/14/2021 20:32:29] Loading DB
[4/14/2021 20:32:29] Setting up typo system
[4/14/2021 20:32:29] Starting Reply Processor
[4/14/2021 20:32:29] Building replies
[4/14/2021 20:32:29] Setting up Subreddits
[4/14/2021 20:32:29] Preparing cats
[4/14/2021 20:32:29] Listening for comments on: /r/cats
[4/14/2021 20:32:35] Comment Received: gufm9ls Subreddit: /r/cats Message: See comment from u/dgriffx who made a meme template with Jolene.
[4/14/2021 20:32:35] - Emotion: joy Emotion Probability: 0.5729184757604712 Vulnerability: false Sentiment: 0
[4/14/2021 20:32:35] Comment Received: gufm8bz Subreddit: /r/cats Message: Great photo! Gorgeous kitty
[4/14/2021 20:32:35] - Emotion: joy Emotion Probability: 0.9849964614674983 Vulnerability: false Sentiment: 0.75
[4/14/2021 20:32:35] Pushing to QUEUE!
[4/14/2021 20:32:35] Comment Received: gufm7q1 Subreddit: /r/cats Message: r/animalslookingatfood
[4/14/2021 20:32:35] - Emotion: joy Emotion Probability: 0.438430531119841 Vulnerability: false Sentiment: 0
[4/14/2021 20:32:35] Comment Received: gufm6gb Subreddit: /r/cats Message: What a beauty!
[4/14/2021 20:32:35] - Emotion: joy Emotion Probability: 0.603169517278214 Vulnerability: false Sentiment: 1.5
[4/14/2021 20:32:35] Comment Received: gufm3qe Subreddit: /r/cats Message: Sarah waters, Stephen king, and a cat.  Good call.
[4/14/2021 20:32:35] - Emotion: joy Emotion Probability: 0.6564962132013392 Vulnerability: false Sentiment: 0.375
[4/14/2021 20:32:35] Pushing to QUEUE!
[4/14/2021 20:32:35] Comment Received: gufm3q6 Subreddit: /r/cats Message: Not a vet but experienced with kitten rescue.  So kittens can go downhill quickly.  I’m going to give you an answer if I were in your shoes.  Either situation could go bad very quickly.  If it’s an abscess he could go septic.  So I think that you either go tonight or you go first thing in the morning.  I’m not sure if Thursday is a great option.
[4/14/2021 20:32:35] - Emotion: sadness Emotion Probability: 0.37104165040183634 Vulnerability: false Sentiment: 0.044444444444444446
[4/14/2021 20:32:36] Pushing to QUEUE!
[4/14/2021 20:32:36] Comment Received: gufm3a7 Subreddit: /r/cats Message: I dont know the rules of this community if fundraisers are allowed if it did I will first get them a vet check with shots and neutering/ spaying
[4/14/2021 20:32:36] - Emotion: joy Emotion Probability: 0.4128592907874453 Vulnerability: false Sentiment: 0
[4/14/2021 20:32:36] Comment Received: gufm1v7 Subreddit: /r/cats Message: I love her name!
[4/14/2021 20:32:36] - Emotion: joy Emotion Probability: 0.5970057028833077 Vulnerability: false Sentiment: 1
[4/14/2021 20:32:36] Comment Received: gufm0tp Subreddit: /r/cats Message: A beautiful kitty, I am so sorry for your loss.  Most of us have been told Angels have wings, some of us have learned they have paws 🐾.  Sending you love and big purrs
[4/14/2021 20:32:36] - Emotion: love Emotion Probability: 0.607058566845345 Vulnerability: false Sentiment: 0.23076923076923078
[4/14/2021 20:32:36] Pushing to QUEUE!
[4/14/2021 20:32:36] Comment Received: gufm0oj Subreddit: /r/cats Message: Your Dad was smitten the second she arrived lol 😂 and who wouldn't be? She's beautiful ❤️
[4/14/2021 20:32:36] - Emotion: joy Emotion Probability: 0.7242729827467509 Vulnerability: false Sentiment: 0.4
[4/14/2021 20:32:36] Comment Received: gufm0c8 Subreddit: /r/cats Message: A fríend with weed is better (catnip) 🎶
[4/14/2021 20:32:36] - Emotion: joy Emotion Probability: 0.572981767041178 Vulnerability: false Sentiment: 0.4
[4/14/2021 20:32:36] Pushing to QUEUE!
[4/14/2021 20:32:36] Comment Received: gufm04m Subreddit: /r/cats Message: Noodles
[4/14/2021 20:32:36] - Emotion: sadness Emotion Probability: 0.3172698143605262 Vulnerability: false Sentiment: 0
[4/14/2021 20:32:36] Comment Received: guflzdm Subreddit: /r/cats Message: Very sorry for the loss of your beautiful Nikka   :(
[4/14/2021 20:32:36] - Emotion: sadness Emotion Probability: 0.6608742529916092 Vulnerability: false Sentiment: -0.125
[4/14/2021 20:32:36] Comment Received: guflyy4 Subreddit: /r/cats Message: Normal for how little it is. Looks way too small to be away from its mom.
[4/14/2021 20:32:36] - Emotion: joy Emotion Probability: 0.42772891310393973 Vulnerability: false Sentiment: 0
[4/14/2021 20:32:36] Comment Received: guflxio Subreddit: /r/cats Message: Omg! Wooow! You are very talented! It's beautifuuuuuuul!!!
[4/14/2021 20:32:36] - Emotion: joy Emotion Probability: 0.9470854489070386 Vulnerability: false Sentiment: 0
[4/14/2021 20:32:36] Comment Received: guflwxo Subreddit: /r/cats Message: Both are adorable!
[4/14/2021 20:32:36] - Emotion: joy Emotion Probability: 0.6447802606282137 Vulnerability: false Sentiment: 1
[4/14/2021 20:32:36] Comment Received: guflwgb Subreddit: /r/cats Message: We call our guy Dr. Kitty because if any of us is sick, he never leaves our side and often attempts Purr Therapy. Looks like you have your very own Dr. Kitty.
[4/14/2021 20:32:36] - Emotion: joy Emotion Probability: 0.5741203120243493 Vulnerability: false Sentiment: 0
[4/14/2021 20:32:36] Comment Received: guflv43 Subreddit: /r/cats Message: Not to be dramatic, but I’d die for Jolene
[4/14/2021 20:32:36] - Emotion: sadness Emotion Probability: 0.5785356533186632 Vulnerability: 3 Sentiment: -0.42857142857142855
[4/14/2021 20:32:36] Comment Received: gufloxz Subreddit: /r/cats Message: May frostie play with other cats and sleep in all the boxes in cat heaven, Rest In Peace you fluffy little thing.
[4/14/2021 20:32:36] - Emotion: joy Emotion Probability: 0.8986187308224247 Vulnerability: false Sentiment: 0.21052631578947367
[4/14/2021 20:32:36] Comment Received: guflos5 Subreddit: /r/cats Message: Cookie Dough
[4/14/2021 20:32:36] - Emotion: joy Emotion Probability: 0.665842260953787 Vulnerability: false Sentiment: 0
[4/14/2021 20:32:36] Comment Received: guflo2m Subreddit: /r/cats Message: what a carefree girl :)
[4/14/2021 20:32:36] - Emotion: joy Emotion Probability: 0.968209564658431 Vulnerability: false Sentiment: 0.3333333333333333
[4/14/2021 20:32:36] Comment Received: guflnuu Subreddit: /r/cats Message: I can feel those nails bout to come out 😬
[4/14/2021 20:32:36] - Emotion: joy Emotion Probability: 0.36033442789633097 Vulnerability: false Sentiment: 0
[4/14/2021 20:32:36] Comment Received: guflnui Subreddit: /r/cats Message: Morpheus was named for the god of sleep. That's fitting because you can sometimes find him in your dreams; and if not, your heart. Dealing with loss is tough. What is grief, if not love, persevering?
[4/14/2021 20:32:36] - Emotion: sadness Emotion Probability: 0.7940088014613849 Vulnerability: 3 Sentiment: -0.2
[4/14/2021 20:32:36] Comment Received: guflniu Subreddit: /r/cats Message: Joining all cat subs is like an endless journey lol
[4/14/2021 20:32:36] - Emotion: joy Emotion Probability: 0.7335283084958765 Vulnerability: false Sentiment: 0.625
[4/14/2021 20:32:36] Comment Received: gufljsb Subreddit: /r/cats Message: It's okay to be wrong. At least you didn't say popcorn
[4/14/2021 20:32:36] - Emotion: joy Emotion Probability: 0.35667675413082167 Vulnerability: false Sentiment: -0.25
[4/14/2021 20:32:44] Comment Received: gufmb2g Subreddit: /r/cats Message: Noticed that too
[4/14/2021 20:32:44] - Emotion: joy Emotion Probability: 0.3306945827585565 Vulnerability: false Sentiment: 0
[4/14/2021 20:32:59] Comment Received: gufmc6e Subreddit: /r/cats Message: It's normal. Kittens are born with blue eyes that usually start to change around 5 weeks.
[4/14/2021 20:32:59] - Emotion: joy Emotion Probability: 0.6212427291344906 Vulnerability: false Sentiment: 0
[4/14/2021 20:32:59] Pushing to QUEUE!
[4/14/2021 20:33:4] Comment Received: gufmcnt Subreddit: /r/cats Message: Put that thing back where it came from or so help me!
[4/14/2021 20:33:4] - Emotion: joy Emotion Probability: 0.4106708370755414 Vulnerability: false Sentiment: 0.2222222222222222
[4/14/2021 20:33:4] Comment Received: gufmce5 Subreddit: /r/cats Message: Something short, and easy to remember and spell: Nabucodonosor
[4/14/2021 20:33:4] - Emotion: joy Emotion Probability: 0.43185957706666345 Vulnerability: false Sentiment: 0.125
[4/14/2021 20:33:19] Comment Received: gufmdpe Subreddit: /r/cats Message: I’m sorry you lost your baby. It’s always so hard to say goodbye
[4/14/2021 20:33:19] - Emotion: sadness Emotion Probability: 0.9777891930305151 Vulnerability: false Sentiment: -0.45454545454545453
[4/14/2021 20:33:50] ----------------------------------------------
[4/14/2021 20:33:50] Would of replied to Comment: gufm0c8
[4/14/2021 20:33:50] Subreddit: /r/cats
[4/14/2021 20:33:50] Author: bashed_potato
[4/14/2021 20:33:50] Message: A fríend with weed is better (catnip) 🎶
[4/14/2021 20:33:50] Reply: There is nothing i adore more than kitties! They are SOOOO cuddly! they are just great! I just love them so much!
[4/14/2021 20:33:50] ----------------------------------------------
[4/14/2021 20:33:54] Comment Received: gufmfzx Subreddit: /r/cats Message: Glad to see you packed the cat
[4/14/2021 20:33:54] - Emotion: joy Emotion Probability: 0.8667096016910264 Vulnerability: false Sentiment: 0.5
[4/14/2021 20:33:59] Comment Received: gufmgc6 Subreddit: /r/cats Message: They are gorgeous kitties!
[4/14/2021 20:33:59] - Emotion: joy Emotion Probability: 0.9359445472620156 Vulnerability: false Sentiment: 1.25
[4/14/2021 20:33:59] Comment Received: gufmg62 Subreddit: /r/cats Message: OMG so cuuuuute!!!!!
[4/14/2021 20:33:59] - Emotion: joy Emotion Probability: 0.32228703739279563 Vulnerability: false Sentiment: 0
[4/14/2021 20:34:34] Comment Received: gufmin1 Subreddit: /r/cats Message: S E N S A T I O N A L
[4/14/2021 20:34:34] - Emotion: joy Emotion Probability: 0.45604655691087637 Vulnerability: false Sentiment: 0
[4/14/2021 20:34:34] Comment Received: gufmimm Subreddit: /r/cats Message: Any catnip around lately? ;)
[4/14/2021 20:34:34] - Emotion: joy Emotion Probability: 0.4583444939140176 Vulnerability: false Sentiment: 0
[4/14/2021 20:34:34] Pushing to QUEUE!
[4/14/2021 20:34:34] Comment Received: gufmihn Subreddit: /r/cats Message: She is beautiful. Give her a kiss from me.
[4/14/2021 20:34:34] - Emotion: joy Emotion Probability: 0.5277012252192947 Vulnerability: false Sentiment: 0.7142857142857143
[4/14/2021 20:34:39] Comment Received: gufmizg Subreddit: /r/cats Message: Who’s chopping onions?
[4/14/2021 20:34:39] - Emotion: joy Emotion Probability: 0.8633400252246498 Vulnerability: false Sentiment: 0
[4/14/2021 20:34:39] Comment Received: gufmiu7 Subreddit: /r/cats Message: Hunduras  Trujillo.  Tropical, hot and high humidity
[4/14/2021 20:34:39] - Emotion: love Emotion Probability: 0.8043328267329711 Vulnerability: false Sentiment: 0
[4/14/2021 20:35:24] Comment Received: gufmm3m Subreddit: /r/cats Message: She just eats the catnip! 😂
[4/14/2021 20:35:24] - Emotion: joy Emotion Probability: 0.571052829514695 Vulnerability: false Sentiment: 0
[4/14/2021 20:35:29] Comment Received: gufmmgo Subreddit: /r/cats Message: that water must not be very warm (I hope!).

I always take scalding hot baths, so this would be no bueno for kitty!
[4/14/2021 20:35:29] - Emotion: love Emotion Probability: 0.9880341960967034 Vulnerability: false Sentiment: 0.16666666666666666
[4/14/2021 20:35:29] Pushing to QUEUE!
[4/14/2021 20:35:39] Comment Received: gufmmzl Subreddit: /r/cats Message: That’s my feeling as well. Thank you.
[4/14/2021 20:35:39] - Emotion: joy Emotion Probability: 0.628656407525612 Vulnerability: false Sentiment: 0.6
[4/14/2021 20:36:14] Comment Received: gufmpdu Subreddit: /r/cats Message: Jolene is such an awesome name for a cat.
[4/14/2021 20:36:14] - Emotion: joy Emotion Probability: 0.5047860454374836 Vulnerability: false Sentiment: 0.6666666666666666
[4/14/2021 20:36:24] Comment Received: gufmpyj Subreddit: /r/cats Message: Adorable! 😻
[4/14/2021 20:36:24] - Emotion: joy Emotion Probability: 0.6447802606282137 Vulnerability: false Sentiment: 3
[4/14/2021 20:36:29] Comment Received: gufmqad Subreddit: /r/cats Message: What a beautiful baby I’m so sorry for your loss♥️♥️♥️💔💔🌹🌹🌹
[4/14/2021 20:36:29] - Emotion: sadness Emotion Probability: 0.7304208611409689 Vulnerability: false Sentiment: 0.25
[4/14/2021 20:36:39] Comment Received: gufmr6i Subreddit: /r/cats Message: I’m so sorry for your loss. Find comfort in the good memories and the love you shared.
[4/14/2021 20:36:39] - Emotion: sadness Emotion Probability: 0.5043324399282333 Vulnerability: false Sentiment: 0.3333333333333333
[4/14/2021 20:37:24] Comment Received: gufmu2v Subreddit: /r/cats Message: *casually grabs rubber ducky*
[4/14/2021 20:37:24] - Emotion: joy Emotion Probability: 0.5385347892999748 Vulnerability: false Sentiment: 0
[4/14/2021 20:37:59] Comment Received: gufmwqi Subreddit: /r/cats Message: How sweet😘♥️
[4/14/2021 20:37:59] - Emotion: joy Emotion Probability: 0.5870026249374941 Vulnerability: false Sentiment: 0
[4/14/2021 20:37:59] Comment Received: gufmwey Subreddit: /r/cats Message: Best Name ever indeed! I want some tasty polenta (the food). Beautiful cat! Love the paw's coloring
[4/14/2021 20:37:59] - Emotion: joy Emotion Probability: 0.7133048131946537 Vulnerability: false Sentiment: 0.625
[4/14/2021 20:38:19] Comment Received: gufmxz9 Subreddit: /r/cats Message: Awe
[4/14/2021 20:38:19] - Emotion: joy Emotion Probability: 0.4263495420815804 Vulnerability: false Sentiment: 0
[4/14/2021 20:38:25] Comment Received: gufmyda Subreddit: /r/cats Message: This is fantastic
[4/14/2021 20:38:25] - Emotion: joy Emotion Probability: 0.9280670916620839 Vulnerability: false Sentiment: 2
[4/14/2021 20:38:44] Comment Received: gufmzrh Subreddit: /r/cats Message: Hi ya big boy😘
[4/14/2021 20:38:44] - Emotion: joy Emotion Probability: 0.5376416182143223 Vulnerability: false Sentiment: 0.5
[4/14/2021 20:39:30] Comment Received: gufn2rq Subreddit: /r/cats Message: I have now seen my cats female twin! 😍
I posted him a week ago if you want to see the comparison 😂
[4/14/2021 20:39:30] - Emotion: sadness Emotion Probability: 0.49411762864200487 Vulnerability: false Sentiment: 0.23529411764705882
[4/14/2021 20:39:30] Pushing to QUEUE!
[4/14/2021 20:39:39] Comment Received: gufn3jy Subreddit: /r/cats Message: Oh my god that is the cutest smile in the whole world
[4/14/2021 20:39:40] - Emotion: joy Emotion Probability: 0.5536858340566975 Vulnerability: false Sentiment: 0.375
[4/14/2021 20:39:40] Comment Received: gufn3be Subreddit: /r/cats Message: Polly looks like my cat Penelope’s sister 😭💕
[4/14/2021 20:39:40] - Emotion: joy Emotion Probability: 0.5350444503958912 Vulnerability: false Sentiment: 0.2857142857142857
[4/14/2021 20:40:0] Comment Received: gufn4yr Subreddit: /r/cats Message: Koomer
[4/14/2021 20:40:0] - Emotion: joy Emotion Probability: 0.33844094340844805 Vulnerability: false Sentiment: 0
[4/14/2021 20:40:0] Comment Received: gufn4sm Subreddit: /r/cats Message: She's lovely. That face!
[4/14/2021 20:40:0] - Emotion: love Emotion Probability: 0.7671615797707516 Vulnerability: false Sentiment: 0.75
[4/14/2021 20:40:10] Comment Received: gufn5lh Subreddit: /r/cats Message: Thank you! She’s a cutie. Her favorite thing in the world are Temptation cat treats. She’s May only weigh about 6 pounds, but she goes hog wild over those darn treats!
[4/14/2021 20:40:10] - Emotion: joy Emotion Probability: 0.9053930706227353 Vulnerability: false Sentiment: 0.14285714285714285
[4/14/2021 20:40:10] Pushing to QUEUE!
[4/14/2021 20:40:10] Comment Received: gufn5ld Subreddit: /r/cats Message: Love hearing this!!!  Lucky kitty (and you!).  🥰 🐾
[4/14/2021 20:40:10] - Emotion: joy Emotion Probability: 0.9265390212585177 Vulnerability: false Sentiment: 0.8571428571428571
[4/14/2021 20:40:10] Pushing to QUEUE!
[4/14/2021 20:40:35] Comment Received: gufn75u Subreddit: /r/cats Message: Thanks so much for the award :)
[4/14/2021 20:40:35] - Emotion: joy Emotion Probability: 0.7954656596134773 Vulnerability: false Sentiment: 1
